#
# There is insufficient memory for the Java Runtime Environment to continue.
# Native memory allocation (malloc) failed to allocate 1048576 bytes for AllocateHeap
# Possible reasons:
#   The system is out of physical RAM or swap space
#   In 32 bit mode, the process size limit was hit
# Possible solutions:
#   Reduce memory load on the system
#   Increase physical memory or swap space
#   Check if swap backing store is full
#   Use 64 bit Java on a 64 bit OS
#   Decrease Java heap size (-Xmx/-Xms)
#   Decrease number of Java threads
#   Decrease Java thread stack sizes (-Xss)
#   Set larger code cache with -XX:ReservedCodeCacheSize=
# This output file may be truncated or incomplete.
#
#  Out of Memory Error (memory/allocation.inline.hpp:61), pid=9816, tid=10828
#
# JRE version:  (8.0_72-b15) (build )
# Java VM: Java HotSpot(TM) 64-Bit Server VM (25.72-b15 mixed mode windows-amd64 compressed oops)
# Failed to write core dump. Minidumps are not enabled by default on client versions of Windows
#

---------------  T H R E A D  ---------------

Current thread (0x0000000002aa0800):  JavaThread "Unknown thread" [_thread_in_vm, id=10828, stack(0x0000000002970000,0x0000000002a70000)]

Stack: [0x0000000002970000,0x0000000002a70000]
[error occurred during error reporting (printing stack bounds), id 0xc0000005]

Native frames: (J=compiled Java code, j=interpreted, Vv=VM code, C=native code)


---------------  P R O C E S S  ---------------

Java Threads: ( => current thread )

Other Threads:

=>0x0000000002aa0800 (exited) JavaThread "Unknown thread" [_thread_in_vm, id=10828, stack(0x0000000002970000,0x0000000002a70000)]

VM state:not at safepoint (normal execution)

VM Mutex/Monitor currently owned by a thread: None

Heap:
 PSYoungGen      total 38400K, used 665K [0x00000000eab00000, 0x00000000ed580000, 0x0000000100000000)
  eden space 33280K, 2% used [0x00000000eab00000,0x00000000eaba6670,0x00000000ecb80000)
  from space 5120K, 0% used [0x00000000ed080000,0x00000000ed080000,0x00000000ed580000)
  to   space 5120K, 0% used [0x00000000ecb80000,0x00000000ecb80000,0x00000000ed080000)
 ParOldGen       total 87552K, used 0K [0x00000000c0000000, 0x00000000c5580000, 0x00000000eab00000)
  object space 87552K, 0% used [0x00000000c0000000,0x00000000c0000000,0x00000000c5580000)
 Metaspace       used 769K, capacity 4480K, committed 4480K, reserved 1056768K
  class space    used 75K, capacity 384K, committed 384K, reserved 1048576K

Card table byte_map: [0x0000000011f60000,0x0000000012170000] byte_map_base: 0x0000000011960000

Marking Bits: (ParMarkBitMap*) 0x000000006f460600
 Begin Bits: [0x00000000126d0000, 0x00000000136d0000)
 End Bits:   [0x00000000136d0000, 0x00000000146d0000)

Polling page: 0x0000000001050000

CodeCache: size=245760Kb used=328Kb max_used=328Kb free=245431Kb
 bounds [0x0000000002ba0000, 0x0000000002e10000, 0x0000000011ba0000]
 total_blobs=58 nmethods=0 adapters=38
 compilation: enabled

Compilation events (0 events):
No events

GC Heap History (0 events):
No events

Deoptimization events (0 events):
No events

Internal exceptions (0 events):
No events

Events (10 events):
Event: 0.115 loading class java/lang/Short
Event: 0.116 loading class java/lang/Short done
Event: 0.116 loading class java/lang/Integer
Event: 0.116 loading class java/lang/Integer done
Event: 0.116 loading class java/lang/Long
Event: 0.117 loading class java/lang/Long done
Event: 0.118 loading class java/lang/NullPointerException
Event: 0.119 loading class java/lang/NullPointerException done
Event: 0.119 loading class java/lang/ArithmeticException
Event: 0.119 loading class java/lang/ArithmeticException done


Dynamic libraries:
0x00007ff677e80000 - 0x00007ff677eb7000 	C:\Program Files\Java\jdk1.8.0_72\bin\java.exe
0x00007ffcb5110000 - 0x00007ffcb52bd000 	C:\WINDOWS\SYSTEM32\ntdll.dll
0x00007ffcb2790000 - 0x00007ffcb28ce000 	C:\WINDOWS\system32\KERNEL32.DLL
0x00007ffcb2390000 - 0x00007ffcb24a5000 	C:\WINDOWS\system32\KERNELBASE.dll
0x00007ffcb06b0000 - 0x00007ffcb073e000 	C:\WINDOWS\system32\apphelp.dll
0x00007ffca5a80000 - 0x00007ffca5ad3000 	C:\WINDOWS\AppPatch\AppPatch64\AcGenral.DLL
0x00007ffcb4320000 - 0x00007ffcb43ca000 	C:\WINDOWS\system32\msvcrt.dll
0x00007ffcb2090000 - 0x00007ffcb20be000 	C:\WINDOWS\SYSTEM32\SspiCli.dll
0x00007ffcb28e0000 - 0x00007ffcb2934000 	C:\WINDOWS\system32\SHLWAPI.dll
0x00007ffcb4f90000 - 0x00007ffcb5107000 	C:\WINDOWS\system32\USER32.dll
0x00007ffcb40a0000 - 0x00007ffcb4234000 	C:\WINDOWS\system32\ole32.dll
0x00007ffcb2a10000 - 0x00007ffcb3f3a000 	C:\WINDOWS\system32\SHELL32.dll
0x00007ffcb1860000 - 0x00007ffcb1881000 	C:\WINDOWS\SYSTEM32\USERENV.dll
0x00007ffcb2960000 - 0x00007ffcb2a0a000 	C:\WINDOWS\system32\ADVAPI32.dll
0x00007ffca3690000 - 0x00007ffca36ae000 	C:\WINDOWS\SYSTEM32\MPR.dll
0x00007ffcb4dd0000 - 0x00007ffcb4f11000 	C:\WINDOWS\system32\RPCRT4.dll
0x00007ffcb3f40000 - 0x00007ffcb3f99000 	C:\WINDOWS\SYSTEM32\sechost.dll
0x00007ffcb4b40000 - 0x00007ffcb4d51000 	C:\WINDOWS\SYSTEM32\combase.dll
0x00007ffcb43d0000 - 0x00007ffcb4520000 	C:\WINDOWS\system32\GDI32.dll
0x00007ffcb2260000 - 0x00007ffcb2275000 	C:\WINDOWS\SYSTEM32\profapi.dll
0x00007ffcafdc0000 - 0x00007ffcafe72000 	C:\WINDOWS\SYSTEM32\SHCORE.dll
0x00007ffcb3fa0000 - 0x00007ffcb3fd6000 	C:\WINDOWS\system32\IMM32.DLL
0x00007ffcb49e0000 - 0x00007ffcb4b32000 	C:\WINDOWS\system32\MSCTF.dll
0x00007ffcaec10000 - 0x00007ffcaee8b000 	C:\WINDOWS\WinSxS\amd64_microsoft.windows.common-controls_6595b64144ccf1df_6.0.9600.18006_none_623f33d3ecbe86e8\COMCTL32.dll
0x000000006e5a0000 - 0x000000006e672000 	C:\Program Files\Java\jdk1.8.0_72\jre\bin\msvcr100.dll
0x000000006ec50000 - 0x000000006f4e0000 	C:\Program Files\Java\jdk1.8.0_72\jre\bin\server\jvm.dll
0x00007ffca9ae0000 - 0x00007ffca9ae9000 	C:\WINDOWS\SYSTEM32\WSOCK32.dll
0x00007ffcab0e0000 - 0x00007ffcab102000 	C:\WINDOWS\SYSTEM32\WINMM.dll
0x00007ffca9ad0000 - 0x00007ffca9ada000 	C:\WINDOWS\SYSTEM32\VERSION.dll
0x00007ffcb4f20000 - 0x00007ffcb4f27000 	C:\WINDOWS\system32\PSAPI.DLL
0x00007ffcb4980000 - 0x00007ffcb49da000 	C:\WINDOWS\system32\WS2_32.dll
0x00007ffcaaf00000 - 0x00007ffcaaf2a000 	C:\WINDOWS\SYSTEM32\WINMMBASE.dll
0x00007ffcb4520000 - 0x00007ffcb4529000 	C:\WINDOWS\system32\NSI.dll
0x00007ffcb24b0000 - 0x00007ffcb24ff000 	C:\WINDOWS\SYSTEM32\cfgmgr32.dll
0x00007ffcb1050000 - 0x00007ffcb1078000 	C:\WINDOWS\SYSTEM32\DEVOBJ.dll
0x000000006f620000 - 0x000000006f62f000 	C:\Program Files\Java\jdk1.8.0_72\jre\bin\verify.dll
0x000000006f5f0000 - 0x000000006f619000 	C:\Program Files\Java\jdk1.8.0_72\jre\bin\java.dll
0x000000006f5d0000 - 0x000000006f5e6000 	C:\Program Files\Java\jdk1.8.0_72\jre\bin\zip.dll

VM Arguments:
jvm_args: -Djava.awt.headless=true -Xmx1024M -Dfile.encoding=windows-1252 -Duser.country=US -Duser.language=en -Duser.variant 
java_command: com.android.dx.command.Main --dex --num-threads=4 --multi-dex --output C:\Users\Denzale\AndroidStudioProjects\PopularMovies\app\build\intermediates\transforms\dex\debug\folders\1000\5\slice_1_b0fc8dafe57c7a71b2d6cd5d7443be1cb34f2ecf C:\Users\Denzale\AndroidStudioProjects\PopularMovies\app\build\intermediates\transforms\instantRunSlicer\debug\folders\1\5\slice_1
java_class_path (initial): C:\Users\Denzale\AppData\Local\Android\android-sdk\build-tools\23.0.2\lib\dx.jar
Launcher Type: SUN_STANDARD

Environment Variables:
JAVA_HOME=C:\Program Files\Java\jdk1.8.0_72
PATH=C:\ProgramData\Oracle\Java\javapath;C:\Program Files (x86)\Intel\iCLS Client\;C:\Program Files\Intel\iCLS Client\;C:\WINDOWS\system32;C:\WINDOWS;C:\WINDOWS\System32\Wbem;C:\WINDOWS\System32\WindowsPowerShell\v1.0\;C:\Program Files\Intel\Intel(R) Management Engine Components\DAL;C:\Program Files\Intel\Intel(R) Management Engine Components\IPT;C:\Program Files (x86)\Intel\Intel(R) Management Engine Components\DAL;C:\Program Files (x86)\Intel\Intel(R) Management Engine Components\IPT;C:\Program Files\Intel\WiFi\bin\;C:\Program Files\Common Files\Intel\WirelessCommon\;C:\Program Files\Samsung\AllShare Framework DMS\1.3.18\;C:\Program Files\Samsung\AllShare Framework DMS\1.3.18\64bit\
USERNAME=Denzale
OS=Windows_NT
PROCESSOR_IDENTIFIER=Intel64 Family 6 Model 69 Stepping 1, GenuineIntel



---------------  S Y S T E M  ---------------

OS: Windows 8.1 , 64 bit Build 9600 (6.3.9600.17415)

CPU:total 4 (2 cores per cpu, 2 threads per core) family 6 model 69 stepping 1, cmov, cx8, fxsr, mmx, sse, sse2, sse3, ssse3, sse4.1, sse4.2, popcnt, avx, avx2, aes, clmul, erms, lzcnt, ht, tsc, tscinvbit, bmi1, bmi2

Memory: 4k page, physical 8303124k(1851884k free), swap 11448856k(6668k free)

vm_info: Java HotSpot(TM) 64-Bit Server VM (25.72-b15) for windows-amd64 JRE (1.8.0_72-b15), built on Dec 22 2015 19:16:16 by "java_re" with MS VC++ 10.0 (VS2010)

time: Tue Feb 23 12:53:04 2016
elapsed time: 0 seconds (0d 0h 0m 0s)

